<?xml version="1.0" encoding="UTF-8"?>
<coverage generated="1788349710872" clover="3.2.0">
  <project timestamp="1788349710872" name="All files">
    <metrics statements="135" coveredstatements="135" conditionals="20" coveredconditionals="20" methods="35" coveredmethods="35" elements="190" coveredelements="190" complexity="0" loc="135" ncloc="135" packages="1" files="7" classes="7"/>
    <file name="form_validator.js" path="/Users/jocelyn/Documents/Gobelins/Lead-tech/tp1/app/form_validator.js">
      <metrics statements="5" coveredstatements="5" conditionals="4" coveredconditionals="4" methods="3" coveredmethods="3"/>
      <line num="3" count="11" type="stmt"/>
      <line num="4" count="11" type="stmt"/>
      <line num="8" count="8" type="cond" truecount="2" falsecount="0"/>
      <line num="12" count="7" type="cond" truecount="2" falsecount="0"/>
      <line num="15" count="2" type="stmt"/>
    </file>
    <file name="jsonp_helper.js" path="/Users/jocelyn/Documents/Gobelins/Lead-tech/tp1/app/jsonp_helper.js">
      <metrics statements="9" coveredstatements="9" conditionals="0" coveredconditionals="0" methods="1" coveredmethods="1"/>
      <line num="2" count="5" type="stmt"/>
      <line num="3" count="5" type="stmt"/>
      <line num="4" count="5" type="stmt"/>
      <line num="5" count="5" type="stmt"/>
      <line num="8" count="5" type="stmt"/>
      <line num="10" count="5" type="stmt"/>
      <line num="12" count="2" type="stmt"/>
      <line num="13" count="2" type="stmt"/>
      <line num="17" count="4" type="stmt"/>
    </file>
    <file name="photo_model.js" path="/Users/jocelyn/Documents/Gobelins/Lead-tech/tp1/app/photo_model.js">
      <metrics statements="12" coveredstatements="12" conditionals="0" coveredconditionals="0" methods="3" coveredmethods="3"/>
      <line num="1" count="3" type="stmt"/>
      <line num="2" count="3" type="stmt"/>
      <line num="3" count="3" type="stmt"/>
      <line num="6" count="3" type="stmt"/>
      <line num="8" count="3" type="stmt"/>
      <line num="10" count="3" type="stmt"/>
      <line num="11" count="2" type="stmt"/>
      <line num="13" count="1" type="stmt"/>
      <line num="14" count="2" type="stmt"/>
      <line num="15" count="2" type="stmt"/>
      <line num="18" count="1" type="stmt"/>
      <line num="22" count="3" type="stmt"/>
    </file>
    <file name="route.js" path="/Users/jocelyn/Documents/Gobelins/Lead-tech/tp1/app/route.js">
      <metrics statements="30" coveredstatements="30" conditionals="14" coveredconditionals="14" methods="7" coveredmethods="7"/>
      <line num="1" count="1" type="stmt"/>
      <line num="2" count="1" type="stmt"/>
      <line num="3" count="1" type="stmt"/>
      <line num="4" count="1" type="stmt"/>
      <line num="5" count="1" type="stmt"/>
      <line num="8" count="1" type="stmt"/>
      <line num="9" count="5" type="stmt"/>
      <line num="10" count="5" type="stmt"/>
      <line num="12" count="5" type="stmt"/>
      <line num="22" count="5" type="cond" truecount="4" falsecount="0"/>
      <line num="23" count="1" type="stmt"/>
      <line num="27" count="4" type="cond" truecount="2" falsecount="0"/>
      <line num="28" count="1" type="stmt"/>
      <line num="29" count="1" type="stmt"/>
      <line num="33" count="3" type="stmt"/>
      <line num="35" count="3" type="cond" truecount="4" falsecount="0"/>
      <line num="40" count="3" type="stmt"/>
      <line num="42" count="2" type="stmt"/>
      <line num="43" count="2" type="stmt"/>
      <line num="44" count="2" type="stmt"/>
      <line num="45" count="2" type="stmt"/>
      <line num="48" count="1" type="stmt"/>
      <line num="49" count="1" type="stmt"/>
      <line num="53" count="1" type="stmt"/>
      <line num="54" count="2" type="stmt"/>
      <line num="56" count="2" type="stmt"/>
      <line num="59" count="1" type="stmt"/>
      <line num="60" count="1" type="stmt"/>
      <line num="62" count="1" type="stmt"/>
      <line num="67" count="1" type="stmt"/>
    </file>
    <file name="server.js" path="/Users/jocelyn/Documents/Gobelins/Lead-tech/tp1/app/server.js">
      <metrics statements="17" coveredstatements="17" conditionals="2" coveredconditionals="2" methods="0" coveredmethods="0"/>
      <line num="1" count="1" type="stmt"/>
      <line num="2" count="1" type="stmt"/>
      <line num="4" count="1" type="stmt"/>
      <line num="5" count="1" type="stmt"/>
      <line num="6" count="1" type="stmt"/>
      <line num="8" count="1" type="stmt"/>
      <line num="11" count="1" type="stmt"/>
      <line num="12" count="1" type="stmt"/>
      <line num="13" count="1" type="stmt"/>
      <line num="16" count="1" type="stmt"/>
      <line num="17" count="1" type="stmt"/>
      <line num="18" count="1" type="stmt"/>
      <line num="21" count="1" type="stmt"/>
      <line num="24" count="1" type="cond" truecount="2" falsecount="0"/>
      <line num="25" count="1" type="stmt"/>
      <line num="26" count="1" type="stmt"/>
      <line num="28" count="1" type="stmt"/>
    </file>
    <file name="worker.js" path="/Users/jocelyn/Documents/Gobelins/Lead-tech/tp1/app/worker.js">
      <metrics statements="56" coveredstatements="56" conditionals="0" coveredconditionals="0" methods="20" coveredmethods="20"/>
      <line num="1" count="8" type="stmt"/>
      <line num="2" count="8" type="stmt"/>
      <line num="3" count="8" type="stmt"/>
      <line num="4" count="8" type="stmt"/>
      <line num="5" count="8" type="stmt"/>
      <line num="6" count="8" type="stmt"/>
      <line num="7" count="8" type="stmt"/>
      <line num="8" count="8" type="stmt"/>
      <line num="10" count="8" type="stmt"/>
      <line num="11" count="8" type="stmt"/>
      <line num="12" count="8" type="stmt"/>
      <line num="13" count="8" type="stmt"/>
      <line num="15" count="8" type="stmt"/>
      <line num="20" count="8" type="stmt"/>
      <line num="23" count="8" type="stmt"/>
      <line num="26" count="16" type="stmt"/>
      <line num="27" count="15" type="stmt"/>
      <line num="28" count="15" type="stmt"/>
      <line num="32" count="5" type="stmt"/>
      <line num="33" count="5" type="stmt"/>
      <line num="34" count="5" type="stmt"/>
      <line num="42" count="5" type="stmt"/>
      <line num="44" count="5" type="stmt"/>
      <line num="45" count="5" type="stmt"/>
      <line num="46" count="5" type="stmt"/>
      <line num="47" count="5" type="stmt"/>
      <line num="49" count="5" type="stmt"/>
      <line num="51" count="5" type="stmt"/>
      <line num="53" count="4" type="stmt"/>
      <line num="54" count="14" type="stmt"/>
      <line num="56" count="4" type="stmt"/>
      <line num="64" count="3" type="stmt"/>
      <line num="66" count="11" type="stmt"/>
      <line num="67" count="2" type="stmt"/>
      <line num="70" count="2" type="stmt"/>
      <line num="73" count="2" type="stmt"/>
      <line num="75" count="2" type="stmt"/>
      <line num="76" count="2" type="stmt"/>
      <line num="77" count="2" type="stmt"/>
      <line num="78" count="2" type="stmt"/>
      <line num="87" count="2" type="stmt"/>
      <line num="92" count="2" type="stmt"/>
      <line num="94" count="2" type="stmt"/>
      <line num="95" count="2" type="stmt"/>
      <line num="96" count="2" type="stmt"/>
      <line num="98" count="2" type="stmt"/>
      <line num="100" count="1" type="stmt"/>
      <line num="101" count="1" type="stmt"/>
      <line num="104" count="1" type="stmt"/>
      <line num="105" count="1" type="stmt"/>
      <line num="106" count="1" type="stmt"/>
      <line num="110" count="2" type="stmt"/>
      <line num="114" count="3" type="stmt"/>
      <line num="122" count="3" type="stmt"/>
      <line num="126" count="3" type="stmt"/>
      <line num="134" count="8" type="stmt"/>
    </file>
    <file name="zip.js" path="/Users/jocelyn/Documents/Gobelins/Lead-tech/tp1/app/zip.js">
      <metrics statements="6" coveredstatements="6" conditionals="0" coveredconditionals="0" methods="1" coveredmethods="1"/>
      <line num="1" count="2" type="stmt"/>
      <line num="3" count="2" type="stmt"/>
      <line num="4" count="2" type="stmt"/>
      <line num="7" count="2" type="stmt"/>
      <line num="8" count="2" type="stmt"/>
      <line num="11" count="2" type="stmt"/>
    </file>
  </project>
</coverage>
