<?xml version="1.0" encoding="UTF-8"?>
<coverage generated="1788264905800" clover="3.2.0">
  <project timestamp="1788264905800" name="All files">
    <metrics statements="56" coveredstatements="56" conditionals="0" coveredconditionals="0" methods="20" coveredmethods="20" elements="76" coveredelements="76" complexity="0" loc="56" ncloc="56" packages="1" files="1" classes="1"/>
    <file name="worker.js" path="/Users/jocelyn/Documents/Gobelins/Lead-tech/tp1/app/worker.js">
      <metrics statements="56" coveredstatements="56" conditionals="0" coveredconditionals="0" methods="20" coveredmethods="20"/>
      <line num="1" count="8" type="stmt"/>
      <line num="2" count="8" type="stmt"/>
      <line num="3" count="8" type="stmt"/>
      <line num="4" count="8" type="stmt"/>
      <line num="5" count="8" type="stmt"/>
      <line num="6" count="8" type="stmt"/>
      <line num="7" count="8" type="stmt"/>
      <line num="8" count="8" type="stmt"/>
      <line num="10" count="8" type="stmt"/>
      <line num="11" count="8" type="stmt"/>
      <line num="12" count="8" type="stmt"/>
      <line num="13" count="8" type="stmt"/>
      <line num="15" count="8" type="stmt"/>
      <line num="20" count="8" type="stmt"/>
      <line num="23" count="8" type="stmt"/>
      <line num="26" count="16" type="stmt"/>
      <line num="27" count="15" type="stmt"/>
      <line num="28" count="15" type="stmt"/>
      <line num="32" count="5" type="stmt"/>
      <line num="33" count="5" type="stmt"/>
      <line num="34" count="5" type="stmt"/>
      <line num="42" count="5" type="stmt"/>
      <line num="44" count="5" type="stmt"/>
      <line num="45" count="5" type="stmt"/>
      <line num="46" count="5" type="stmt"/>
      <line num="47" count="5" type="stmt"/>
      <line num="49" count="5" type="stmt"/>
      <line num="51" count="5" type="stmt"/>
      <line num="53" count="4" type="stmt"/>
      <line num="54" count="14" type="stmt"/>
      <line num="56" count="4" type="stmt"/>
      <line num="64" count="3" type="stmt"/>
      <line num="66" count="11" type="stmt"/>
      <line num="67" count="2" type="stmt"/>
      <line num="70" count="2" type="stmt"/>
      <line num="73" count="2" type="stmt"/>
      <line num="75" count="2" type="stmt"/>
      <line num="76" count="2" type="stmt"/>
      <line num="77" count="2" type="stmt"/>
      <line num="78" count="2" type="stmt"/>
      <line num="87" count="2" type="stmt"/>
      <line num="92" count="2" type="stmt"/>
      <line num="94" count="2" type="stmt"/>
      <line num="95" count="2" type="stmt"/>
      <line num="96" count="2" type="stmt"/>
      <line num="98" count="2" type="stmt"/>
      <line num="100" count="1" type="stmt"/>
      <line num="101" count="1" type="stmt"/>
      <line num="104" count="1" type="stmt"/>
      <line num="105" count="1" type="stmt"/>
      <line num="106" count="1" type="stmt"/>
      <line num="110" count="2" type="stmt"/>
      <line num="114" count="3" type="stmt"/>
      <line num="122" count="3" type="stmt"/>
      <line num="126" count="3" type="stmt"/>
      <line num="134" count="8" type="stmt"/>
    </file>
  </project>
</coverage>
