{"/Users/jocelyn/Documents/Gobelins/Lead-tech/tp1/app/form_validator.js": {"path":"/Users/jocelyn/Documents/Gobelins/Lead-tech/tp1/app/form_validator.js","statementMap":{"0":{"start":{"line":3,"column":34},"end":{"line":3,"column":50}},"1":{"start":{"line":4,"column":2},"end":{"line":4,"column":45}},"2":{"start":{"line":8,"column":2},"end":{"line":8,"column":44}},"3":{"start":{"line":12,"column":2},"end":{"line":12,"column":68}},"4":{"start":{"line":15,"column":0},"end":{"line":19,"column":2}}},"fnMap":{"0":{"name":"isValidCommaDelimitedList","decl":{"start":{"line":1,"column":9},"end":{"line":1,"column":34}},"loc":{"start":{"line":1,"column":42},"end":{"line":5,"column":1}},"line":1},"1":{"name":"isValidTagmode","decl":{"start":{"line":7,"column":9},"end":{"line":7,"column":23}},"loc":{"start":{"line":7,"column":31},"end":{"line":9,"column":1}},"line":7},"2":{"name":"hasValidFlickrAPIParams","decl":{"start":{"line":11,"column":9},"end":{"line":11,"column":32}},"loc":{"start":{"line":11,"column":48},"end":{"line":13,"column":1}},"line":11}},"branchMap":{"0":{"loc":{"start":{"line":8,"column":9},"end":{"line":8,"column":43}},"type":"binary-expr","locations":[{"start":{"line":8,"column":9},"end":{"line":8,"column":24}},{"start":{"line":8,"column":28},"end":{"line":8,"column":43}}],"line":8},"1":{"loc":{"start":{"line":12,"column":9},"end":{"line":12,"column":67}},"type":"binary-expr","locations":[{"start":{"line":12,"column":9},"end":{"line":12,"column":40}},{"start":{"line":12,"column":44},"end":{"line":12,"column":67}}],"line":12}},"s":{"0":10,"1":10,"2":7,"3":6,"4":2},"f":{"0":10,"1":7,"2":6},"b":{"0":[7,3],"1":[6,4]},"_coverageSchema":"1a1c01bbd47fc00a2c39e90264f33305004495a9","hash":"116ce7ac2e18fa16024d031334e4ba0c2109e33c"}
,"/Users/jocelyn/Documents/Gobelins/Lead-tech/tp1/app/jsonp_helper.js": {"path":"/Users/jocelyn/Documents/Gobelins/Lead-tech/tp1/app/jsonp_helper.js","statementMap":{"0":{"start":{"line":2,"column":2},"end":{"line":14,"column":3}},"1":{"start":{"line":3,"column":21},"end":{"line":3,"column":44}},"2":{"start":{"line":4,"column":19},"end":{"line":4,"column":46}},"3":{"start":{"line":5,"column":21},"end":{"line":5,"column":66}},"4":{"start":{"line":8,"column":4},"end":{"line":8,"column":49}},"5":{"start":{"line":10,"column":4},"end":{"line":10,"column":34}},"6":{"start":{"line":12,"column":18},"end":{"line":12,"column":76}},"7":{"start":{"line":13,"column":4},"end":{"line":13,"column":16}},"8":{"start":{"line":17,"column":0},"end":{"line":19,"column":2}}},"fnMap":{"0":{"name":"parseJSONP","decl":{"start":{"line":1,"column":9},"end":{"line":1,"column":19}},"loc":{"start":{"line":1,"column":31},"end":{"line":15,"column":1}},"line":1}},"branchMap":{},"s":{"0":5,"1":5,"2":5,"3":5,"4":5,"5":5,"6":2,"7":2,"8":4},"f":{"0":5},"b":{},"_coverageSchema":"1a1c01bbd47fc00a2c39e90264f33305004495a9","hash":"decbf1cebdc7caf40babb14b63cdf9d790fd9f71"}
,"/Users/jocelyn/Documents/Gobelins/Lead-tech/tp1/app/photo_model.js": {"path":"/Users/jocelyn/Documents/Gobelins/Lead-tech/tp1/app/photo_model.js","statementMap":{"0":{"start":{"line":1,"column":12},"end":{"line":1,"column":26}},"1":{"start":{"line":2,"column":20},"end":{"line":2,"column":42}},"2":{"start":{"line":3,"column":20},"end":{"line":3,"column":45}},"3":{"start":{"line":6,"column":13},"end":{"line":6,"column":69}},"4":{"start":{"line":8,"column":18},"end":{"line":8,"column":81}},"5":{"start":{"line":10,"column":2},"end":{"line":19,"column":5}},"6":{"start":{"line":11,"column":22},"end":{"line":11,"column":59}},"7":{"start":{"line":13,"column":4},"end":{"line":16,"column":7}},"8":{"start":{"line":14,"column":6},"end":{"line":14,"column":64}},"9":{"start":{"line":15,"column":6},"end":{"line":15,"column":64}},"10":{"start":{"line":18,"column":4},"end":{"line":18,"column":27}},"11":{"start":{"line":22,"column":0},"end":{"line":24,"column":2}}},"fnMap":{"0":{"name":"getFlickrPhotos","decl":{"start":{"line":5,"column":9},"end":{"line":5,"column":24}},"loc":{"start":{"line":5,"column":40},"end":{"line":20,"column":1}},"line":5},"1":{"name":"(anonymous_1)","decl":{"start":{"line":10,"column":39},"end":{"line":10,"column":40}},"loc":{"start":{"line":10,"column":51},"end":{"line":19,"column":3}},"line":10},"2":{"name":"(anonymous_2)","decl":{"start":{"line":13,"column":28},"end":{"line":13,"column":29}},"loc":{"start":{"line":13,"column":37},"end":{"line":16,"column":5}},"line":13}},"branchMap":{},"s":{"0":3,"1":3,"2":3,"3":3,"4":3,"5":3,"6":2,"7":1,"8":2,"9":2,"10":1,"11":3},"f":{"0":3,"1":2,"2":2},"b":{},"_coverageSchema":"1a1c01bbd47fc00a2c39e90264f33305004495a9","hash":"b9c2da46b76a643709be2c3cd05a054eecb5503e"}
,"/Users/jocelyn/Documents/Gobelins/Lead-tech/tp1/app/route.js": {"path":"/Users/jocelyn/Documents/Gobelins/Lead-tech/tp1/app/route.js","statementMap":{"0":{"start":{"line":1,"column":22},"end":{"line":1,"column":49}},"1":{"start":{"line":2,"column":19},"end":{"line":2,"column":43}},"2":{"start":{"line":3,"column":12},"end":{"line":3,"column":28}},"3":{"start":{"line":4,"column":15},"end":{"line":4,"column":34}},"4":{"start":{"line":7,"column":2},"end":{"line":50,"column":5}},"5":{"start":{"line":8,"column":17},"end":{"line":8,"column":31}},"6":{"start":{"line":9,"column":20},"end":{"line":9,"column":37}},"7":{"start":{"line":11,"column":30},"end":{"line":18,"column":5}},"8":{"start":{"line":21,"column":4},"end":{"line":23,"column":5}},"9":{"start":{"line":22,"column":6},"end":{"line":22,"column":52}},"10":{"start":{"line":26,"column":4},"end":{"line":29,"column":5}},"11":{"start":{"line":27,"column":6},"end":{"line":27,"column":49}},"12":{"start":{"line":28,"column":6},"end":{"line":28,"column":52}},"13":{"start":{"line":32,"column":16},"end":{"line":32,"column":38}},"14":{"start":{"line":34,"column":6},"end":{"line":36,"column":31}},"15":{"start":{"line":39,"column":4},"end":{"line":49,"column":9}},"16":{"start":{"line":41,"column":8},"end":{"line":41,"column":42}},"17":{"start":{"line":42,"column":8},"end":{"line":42,"column":47}},"18":{"start":{"line":43,"column":8},"end":{"line":43,"column":52}},"19":{"start":{"line":44,"column":8},"end":{"line":44,"column":54}},"20":{"start":{"line":47,"column":8},"end":{"line":47,"column":42}},"21":{"start":{"line":48,"column":8},"end":{"line":48,"column":47}},"22":{"start":{"line":52,"column":2},"end":{"line":62,"column":5}},"23":{"start":{"line":53,"column":15},"end":{"line":53,"column":29}},"24":{"start":{"line":54,"column":4},"end":{"line":60,"column":55}},"25":{"start":{"line":57,"column":8},"end":{"line":57,"column":55}},"26":{"start":{"line":58,"column":8},"end":{"line":58,"column":75}},"27":{"start":{"line":60,"column":22},"end":{"line":60,"column":53}},"28":{"start":{"line":65,"column":0},"end":{"line":65,"column":23}}},"fnMap":{"0":{"name":"route","decl":{"start":{"line":6,"column":9},"end":{"line":6,"column":14}},"loc":{"start":{"line":6,"column":20},"end":{"line":63,"column":1}},"line":6},"1":{"name":"(anonymous_1)","decl":{"start":{"line":7,"column":15},"end":{"line":7,"column":16}},"loc":{"start":{"line":7,"column":29},"end":{"line":50,"column":3}},"line":7},"2":{"name":"(anonymous_2)","decl":{"start":{"line":40,"column":12},"end":{"line":40,"column":13}},"loc":{"start":{"line":40,"column":39},"end":{"line":45,"column":7}},"line":40},"3":{"name":"(anonymous_3)","decl":{"start":{"line":46,"column":13},"end":{"line":46,"column":14}},"loc":{"start":{"line":46,"column":22},"end":{"line":49,"column":7}},"line":46},"4":{"name":"(anonymous_4)","decl":{"start":{"line":52,"column":19},"end":{"line":52,"column":20}},"loc":{"start":{"line":52,"column":33},"end":{"line":62,"column":3}},"line":52},"5":{"name":"(anonymous_5)","decl":{"start":{"line":56,"column":12},"end":{"line":56,"column":13}},"loc":{"start":{"line":56,"column":25},"end":{"line":59,"column":7}},"line":56},"6":{"name":"(anonymous_6)","decl":{"start":{"line":60,"column":13},"end":{"line":60,"column":14}},"loc":{"start":{"line":60,"column":22},"end":{"line":60,"column":53}},"line":60}},"branchMap":{"0":{"loc":{"start":{"line":12,"column":21},"end":{"line":12,"column":31}},"type":"binary-expr","locations":[{"start":{"line":12,"column":21},"end":{"line":12,"column":25}},{"start":{"line":12,"column":29},"end":{"line":12,"column":31}}],"line":12},"1":{"loc":{"start":{"line":13,"column":24},"end":{"line":13,"column":37}},"type":"binary-expr","locations":[{"start":{"line":13,"column":24},"end":{"line":13,"column":31}},{"start":{"line":13,"column":35},"end":{"line":13,"column":37}}],"line":13},"2":{"loc":{"start":{"line":21,"column":4},"end":{"line":23,"column":5}},"type":"if","locations":[{"start":{"line":21,"column":4},"end":{"line":23,"column":5}},{"start":{},"end":{}}],"line":21},"3":{"loc":{"start":{"line":21,"column":8},"end":{"line":21,"column":25}},"type":"binary-expr","locations":[{"start":{"line":21,"column":8},"end":{"line":21,"column":13}},{"start":{"line":21,"column":17},"end":{"line":21,"column":25}}],"line":21},"4":{"loc":{"start":{"line":26,"column":4},"end":{"line":29,"column":5}},"type":"if","locations":[{"start":{"line":26,"column":4},"end":{"line":29,"column":5}},{"start":{},"end":{}}],"line":26},"5":{"loc":{"start":{"line":34,"column":6},"end":{"line":36,"column":31}},"type":"cond-expr","locations":[{"start":{"line":35,"column":10},"end":{"line":35,"column":41}},{"start":{"line":36,"column":10},"end":{"line":36,"column":31}}],"line":34},"6":{"loc":{"start":{"line":34,"column":6},"end":{"line":34,"column":40}},"type":"binary-expr","locations":[{"start":{"line":34,"column":6},"end":{"line":34,"column":9}},{"start":{"line":34,"column":13},"end":{"line":34,"column":40}}],"line":34}},"s":{"0":1,"1":1,"2":1,"3":1,"4":1,"5":4,"6":4,"7":4,"8":4,"9":1,"10":3,"11":1,"12":1,"13":2,"14":2,"15":2,"16":1,"17":1,"18":1,"19":1,"20":1,"21":1,"22":1,"23":0,"24":0,"25":0,"26":0,"27":0,"28":1},"f":{"0":1,"1":4,"2":1,"3":1,"4":0,"5":0,"6":0},"b":{"0":[4,1],"1":[4,1],"2":[1,3],"3":[4,1],"4":[1,2],"5":[0,2],"6":[2,0]},"_coverageSchema":"1a1c01bbd47fc00a2c39e90264f33305004495a9","hash":"b005373c7e075bbd0e0c3efe3fb34943c72fd570"}
,"/Users/jocelyn/Documents/Gobelins/Lead-tech/tp1/app/server.js": {"path":"/Users/jocelyn/Documents/Gobelins/Lead-tech/tp1/app/server.js","statementMap":{"0":{"start":{"line":1,"column":0},"end":{"line":1,"column":27}},"1":{"start":{"line":2,"column":0},"end":{"line":2,"column":20}},"2":{"start":{"line":4,"column":16},"end":{"line":4,"column":34}},"3":{"start":{"line":5,"column":16},"end":{"line":5,"column":40}},"4":{"start":{"line":6,"column":13},"end":{"line":6,"column":28}},"5":{"start":{"line":8,"column":12},"end":{"line":8,"column":21}},"6":{"start":{"line":11,"column":0},"end":{"line":11,"column":56}},"7":{"start":{"line":12,"column":0},"end":{"line":12,"column":71}},"8":{"start":{"line":13,"column":0},"end":{"line":13,"column":77}},"9":{"start":{"line":16,"column":0},"end":{"line":16,"column":46}},"10":{"start":{"line":17,"column":0},"end":{"line":17,"column":48}},"11":{"start":{"line":18,"column":0},"end":{"line":18,"column":31}},"12":{"start":{"line":21,"column":0},"end":{"line":21,"column":24}},"13":{"start":{"line":24,"column":13},"end":{"line":24,"column":37}},"14":{"start":{"line":25,"column":0},"end":{"line":25,"column":30}},"15":{"start":{"line":26,"column":0},"end":{"line":26,"column":41}},"16":{"start":{"line":28,"column":0},"end":{"line":28,"column":21}}},"fnMap":{},"branchMap":{"0":{"loc":{"start":{"line":24,"column":13},"end":{"line":24,"column":37}},"type":"binary-expr","locations":[{"start":{"line":24,"column":13},"end":{"line":24,"column":29}},{"start":{"line":24,"column":33},"end":{"line":24,"column":37}}],"line":24}},"s":{"0":1,"1":1,"2":1,"3":1,"4":1,"5":1,"6":1,"7":1,"8":1,"9":1,"10":1,"11":1,"12":1,"13":1,"14":1,"15":1,"16":1},"f":{},"b":{"0":[1,1]},"_coverageSchema":"1a1c01bbd47fc00a2c39e90264f33305004495a9","hash":"307fbc84842cc4e7cea71ee5a9ed9cb8abfae790"}
,"/Users/jocelyn/Documents/Gobelins/Lead-tech/tp1/app/worker.js": {"path":"/Users/jocelyn/Documents/Gobelins/Lead-tech/tp1/app/worker.js","statementMap":{"0":{"start":{"line":1,"column":19},"end":{"line":1,"column":50}},"1":{"start":{"line":2,"column":20},"end":{"line":2,"column":52}},"2":{"start":{"line":3,"column":17},"end":{"line":3,"column":36}},"3":{"start":{"line":4,"column":15},"end":{"line":4,"column":32}},"4":{"start":{"line":5,"column":15},"end":{"line":5,"column":32}},"5":{"start":{"line":6,"column":19},"end":{"line":6,"column":43}},"6":{"start":{"line":8,"column":21},"end":{"line":8,"column":74}},"7":{"start":{"line":9,"column":25},"end":{"line":9,"column":47}},"8":{"start":{"line":10,"column":19},"end":{"line":10,"column":37}},"9":{"start":{"line":11,"column":16},"end":{"line":11,"column":29}},"10":{"start":{"line":14,"column":18},"end":{"line":14,"column":20}},"11":{"start":{"line":17,"column":19},"end":{"line":17,"column":35}},"12":{"start":{"line":18,"column":22},"end":{"line":18,"column":50}},"13":{"start":{"line":19,"column":2},"end":{"line":19,"column":34}},"14":{"start":{"line":23,"column":2},"end":{"line":39,"column":5}},"15":{"start":{"line":24,"column":20},"end":{"line":24,"column":35}},"16":{"start":{"line":25,"column":19},"end":{"line":25,"column":21}},"17":{"start":{"line":27,"column":4},"end":{"line":27,"column":52}},"18":{"start":{"line":27,"column":32},"end":{"line":27,"column":50}},"19":{"start":{"line":28,"column":4},"end":{"line":28,"column":32}},"20":{"start":{"line":29,"column":4},"end":{"line":29,"column":60}},"21":{"start":{"line":29,"column":28},"end":{"line":29,"column":58}},"22":{"start":{"line":31,"column":4},"end":{"line":38,"column":21}},"23":{"start":{"line":33,"column":8},"end":{"line":35,"column":11}},"24":{"start":{"line":34,"column":10},"end":{"line":34,"column":65}},"25":{"start":{"line":36,"column":8},"end":{"line":36,"column":27}},"26":{"start":{"line":43,"column":19},"end":{"line":43,"column":47}},"27":{"start":{"line":44,"column":15},"end":{"line":44,"column":74}},"28":{"start":{"line":45,"column":17},"end":{"line":51,"column":4}},"29":{"start":{"line":53,"column":2},"end":{"line":57,"column":5}},"30":{"start":{"line":54,"column":4},"end":{"line":54,"column":31}},"31":{"start":{"line":55,"column":4},"end":{"line":55,"column":49}},"32":{"start":{"line":55,"column":30},"end":{"line":55,"column":47}},"33":{"start":{"line":56,"column":4},"end":{"line":56,"column":23}},"34":{"start":{"line":61,"column":17},"end":{"line":61,"column":62}},"35":{"start":{"line":62,"column":15},"end":{"line":62,"column":62}},"36":{"start":{"line":62,"column":48},"end":{"line":62,"column":61}},"37":{"start":{"line":63,"column":20},"end":{"line":63,"column":46}},"38":{"start":{"line":64,"column":19},"end":{"line":64,"column":45}},"39":{"start":{"line":66,"column":2},"end":{"line":66,"column":79}},"40":{"start":{"line":67,"column":2},"end":{"line":67,"column":18}},"41":{"start":{"line":71,"column":23},"end":{"line":71,"column":70}},"42":{"start":{"line":73,"column":25},"end":{"line":87,"column":3}},"43":{"start":{"line":74,"column":4},"end":{"line":74,"column":51}},"44":{"start":{"line":75,"column":21},"end":{"line":75,"column":56}},"45":{"start":{"line":77,"column":4},"end":{"line":86,"column":9}},"46":{"start":{"line":79,"column":8},"end":{"line":79,"column":65}},"47":{"start":{"line":80,"column":8},"end":{"line":80,"column":22}},"48":{"start":{"line":83,"column":8},"end":{"line":83,"column":72}},"49":{"start":{"line":84,"column":8},"end":{"line":84,"column":69}},"50":{"start":{"line":85,"column":8},"end":{"line":85,"column":23}},"51":{"start":{"line":89,"column":2},"end":{"line":89,"column":45}},"52":{"start":{"line":93,"column":18},"end":{"line":99,"column":3}},"53":{"start":{"line":101,"column":2},"end":{"line":105,"column":38}},"54":{"start":{"line":105,"column":27},"end":{"line":105,"column":36}},"55":{"start":{"line":108,"column":0},"end":{"line":108,"column":36}},"56":{"start":{"line":110,"column":0},"end":{"line":110,"column":47}}},"fnMap":{"0":{"name":"downloadImage","decl":{"start":{"line":16,"column":15},"end":{"line":16,"column":28}},"loc":{"start":{"line":16,"column":34},"end":{"line":20,"column":1}},"line":16},"1":{"name":"buildZipBuffer","decl":{"start":{"line":22,"column":9},"end":{"line":22,"column":23}},"loc":{"start":{"line":22,"column":30},"end":{"line":40,"column":1}},"line":22},"2":{"name":"(anonymous_2)","decl":{"start":{"line":23,"column":21},"end":{"line":23,"column":22}},"loc":{"start":{"line":23,"column":42},"end":{"line":39,"column":3}},"line":23},"3":{"name":"(anonymous_3)","decl":{"start":{"line":27,"column":23},"end":{"line":27,"column":24}},"loc":{"start":{"line":27,"column":32},"end":{"line":27,"column":50}},"line":27},"4":{"name":"(anonymous_4)","decl":{"start":{"line":29,"column":22},"end":{"line":29,"column":23}},"loc":{"start":{"line":29,"column":28},"end":{"line":29,"column":58}},"line":29},"5":{"name":"(anonymous_5)","decl":{"start":{"line":32,"column":12},"end":{"line":32,"column":13}},"loc":{"start":{"line":32,"column":23},"end":{"line":37,"column":7}},"line":32},"6":{"name":"(anonymous_6)","decl":{"start":{"line":33,"column":24},"end":{"line":33,"column":25}},"loc":{"start":{"line":33,"column":43},"end":{"line":35,"column":9}},"line":33},"7":{"name":"uploadZip","decl":{"start":{"line":42,"column":9},"end":{"line":42,"column":18}},"loc":{"start":{"line":42,"column":27},"end":{"line":58,"column":1}},"line":42},"8":{"name":"(anonymous_8)","decl":{"start":{"line":53,"column":21},"end":{"line":53,"column":22}},"loc":{"start":{"line":53,"column":42},"end":{"line":57,"column":3}},"line":53},"9":{"name":"(anonymous_9)","decl":{"start":{"line":55,"column":24},"end":{"line":55,"column":25}},"loc":{"start":{"line":55,"column":30},"end":{"line":55,"column":47}},"line":55},"10":{"name":"handleZipRequest","decl":{"start":{"line":60,"column":15},"end":{"line":60,"column":31}},"loc":{"start":{"line":60,"column":38},"end":{"line":68,"column":1}},"line":60},"11":{"name":"(anonymous_11)","decl":{"start":{"line":62,"column":39},"end":{"line":62,"column":40}},"loc":{"start":{"line":62,"column":48},"end":{"line":62,"column":61}},"line":62},"12":{"name":"listenForMessages","decl":{"start":{"line":70,"column":9},"end":{"line":70,"column":26}},"loc":{"start":{"line":70,"column":49},"end":{"line":90,"column":1}},"line":70},"13":{"name":"(anonymous_13)","decl":{"start":{"line":73,"column":25},"end":{"line":73,"column":26}},"loc":{"start":{"line":73,"column":36},"end":{"line":87,"column":3}},"line":73},"14":{"name":"(anonymous_14)","decl":{"start":{"line":78,"column":12},"end":{"line":78,"column":13}},"loc":{"start":{"line":78,"column":24},"end":{"line":81,"column":7}},"line":78},"15":{"name":"(anonymous_15)","decl":{"start":{"line":82,"column":13},"end":{"line":82,"column":14}},"loc":{"start":{"line":82,"column":22},"end":{"line":86,"column":7}},"line":82},"16":{"name":"getDownloadUrl","decl":{"start":{"line":92,"column":9},"end":{"line":92,"column":23}},"loc":{"start":{"line":92,"column":30},"end":{"line":106,"column":1}},"line":92},"17":{"name":"(anonymous_17)","decl":{"start":{"line":105,"column":10},"end":{"line":105,"column":11}},"loc":{"start":{"line":105,"column":27},"end":{"line":105,"column":36}},"line":105}},"branchMap":{},"s":{"0":1,"1":1,"2":1,"3":1,"4":1,"5":1,"6":1,"7":1,"8":1,"9":1,"10":1,"11":0,"12":0,"13":0,"14":0,"15":0,"16":0,"17":0,"18":0,"19":0,"20":0,"21":0,"22":0,"23":0,"24":0,"25":0,"26":0,"27":0,"28":0,"29":0,"30":0,"31":0,"32":0,"33":0,"34":0,"35":0,"36":0,"37":0,"38":0,"39":0,"40":0,"41":1,"42":1,"43":0,"44":0,"45":0,"46":0,"47":0,"48":0,"49":0,"50":0,"51":1,"52":0,"53":0,"54":0,"55":1,"56":1},"f":{"0":0,"1":0,"2":0,"3":0,"4":0,"5":0,"6":0,"7":0,"8":0,"9":0,"10":0,"11":0,"12":1,"13":0,"14":0,"15":0,"16":0,"17":0},"b":{},"_coverageSchema":"1a1c01bbd47fc00a2c39e90264f33305004495a9","hash":"acbe56f5303480de249be7066eee04f7d207e832"}
,"/Users/jocelyn/Documents/Gobelins/Lead-tech/tp1/app/zip.js": {"path":"/Users/jocelyn/Documents/Gobelins/Lead-tech/tp1/app/zip.js","statementMap":{"0":{"start":{"line":1,"column":19},"end":{"line":1,"column":50}},"1":{"start":{"line":3,"column":15},"end":{"line":3,"column":68}},"2":{"start":{"line":4,"column":18},"end":{"line":4,"column":40}},"3":{"start":{"line":7,"column":15},"end":{"line":7,"column":52}},"4":{"start":{"line":8,"column":2},"end":{"line":8,"column":58}},"5":{"start":{"line":11,"column":0},"end":{"line":11,"column":39}}},"fnMap":{"0":{"name":"publishZipRequest","decl":{"start":{"line":6,"column":9},"end":{"line":6,"column":26}},"loc":{"start":{"line":6,"column":33},"end":{"line":9,"column":1}},"line":6}},"branchMap":{},"s":{"0":1,"1":1,"2":1,"3":0,"4":0,"5":1},"f":{"0":0},"b":{},"_coverageSchema":"1a1c01bbd47fc00a2c39e90264f33305004495a9","hash":"5996f6092ce5aad32e87bef4bee1da5c84bdba26"}
}
