TN:
SF:app/form_validator.js
FN:1,isValidCommaDelimitedList
FN:7,isValidTagmode
FN:11,hasValidFlickrAPIParams
FNF:3
FNH:3
FNDA:11,isValidCommaDelimitedList
FNDA:8,isValidTagmode
FNDA:7,hasValidFlickrAPIParams
DA:3,11
DA:4,11
DA:8,8
DA:12,7
DA:15,2
LF:5
LH:5
BRDA:8,0,0,8
BRDA:8,0,1,3
BRDA:12,1,0,7
BRDA:12,1,1,5
BRF:4
BRH:4
end_of_record
TN:
SF:app/jsonp_helper.js
FN:1,parseJSONP
FNF:1
FNH:1
FNDA:5,parseJSONP
DA:2,5
DA:3,5
DA:4,5
DA:5,5
DA:8,5
DA:10,5
DA:12,2
DA:13,2
DA:17,4
LF:9
LH:9
BRF:0
BRH:0
end_of_record
TN:
SF:app/photo_model.js
FN:5,getFlickrPhotos
FN:10,(anonymous_1)
FN:13,(anonymous_2)
FNF:3
FNH:3
FNDA:3,getFlickrPhotos
FNDA:2,(anonymous_1)
FNDA:2,(anonymous_2)
DA:1,3
DA:2,3
DA:3,3
DA:6,3
DA:8,3
DA:10,3
DA:11,2
DA:13,1
DA:14,2
DA:15,2
DA:18,1
DA:22,3
LF:12
LH:12
BRF:0
BRH:0
end_of_record
TN:
SF:app/route.js
FN:6,route
FN:7,(anonymous_1)
FN:40,(anonymous_2)
FN:46,(anonymous_3)
FN:52,(anonymous_4)
FN:56,(anonymous_5)
FN:60,(anonymous_6)
FNF:7
FNH:7
FNDA:1,route
FNDA:5,(anonymous_1)
FNDA:2,(anonymous_2)
FNDA:1,(anonymous_3)
FNDA:2,(anonymous_4)
FNDA:1,(anonymous_5)
FNDA:1,(anonymous_6)
DA:1,1
DA:2,1
DA:3,1
DA:4,1
DA:7,1
DA:8,5
DA:9,5
DA:11,5
DA:21,5
DA:22,1
DA:26,4
DA:27,1
DA:28,1
DA:32,3
DA:34,3
DA:39,3
DA:41,2
DA:42,2
DA:43,2
DA:44,2
DA:47,1
DA:48,1
DA:52,1
DA:53,2
DA:54,2
DA:57,1
DA:58,1
DA:60,1
DA:65,1
LF:29
LH:29
BRDA:12,0,0,5
BRDA:12,0,1,1
BRDA:13,1,0,5
BRDA:13,1,1,1
BRDA:21,2,0,1
BRDA:21,2,1,4
BRDA:21,3,0,5
BRDA:21,3,1,1
BRDA:26,4,0,1
BRDA:26,4,1,3
BRDA:34,5,0,1
BRDA:34,5,1,2
BRDA:34,6,0,3
BRDA:34,6,1,1
BRF:14
BRH:14
end_of_record
TN:
SF:app/server.js
FNF:0
FNH:0
DA:1,1
DA:2,1
DA:4,1
DA:5,1
DA:6,1
DA:8,1
DA:11,1
DA:12,1
DA:13,1
DA:16,1
DA:17,1
DA:18,1
DA:21,1
DA:24,1
DA:25,1
DA:26,1
DA:28,1
LF:17
LH:17
BRDA:24,0,0,1
BRDA:24,0,1,1
BRF:2
BRH:2
end_of_record
TN:
SF:app/worker.js
FN:16,downloadImage
FN:18,(anonymous_1)
FN:19,(anonymous_2)
FN:22,buildZipBuffer
FN:23,(anonymous_4)
FN:27,(anonymous_5)
FN:29,(anonymous_6)
FN:32,(anonymous_7)
FN:33,(anonymous_8)
FN:42,uploadZip
FN:53,(anonymous_10)
FN:55,(anonymous_11)
FN:61,handleZipRequest
FN:63,(anonymous_13)
FN:64,(anonymous_14)
FN:67,(anonymous_15)
FN:68,(anonymous_16)
FN:74,listenForMessages
FN:77,(anonymous_18)
FN:82,(anonymous_19)
FN:86,(anonymous_20)
FN:96,getDownloadUrl
FN:109,(anonymous_22)
FNF:23
FNH:23
FNDA:15,downloadImage
FNDA:14,(anonymous_1)
FNDA:14,(anonymous_2)
FNDA:4,buildZipBuffer
FNDA:4,(anonymous_4)
FNDA:453,(anonymous_5)
FNDA:3,(anonymous_6)
FNDA:3,(anonymous_7)
FNDA:13,(anonymous_8)
FNDA:4,uploadZip
FNDA:4,(anonymous_10)
FNDA:3,(anonymous_11)
FNDA:3,handleZipRequest
FNDA:2,(anonymous_13)
FNDA:11,(anonymous_14)
FNDA:2,(anonymous_15)
FNDA:2,(anonymous_16)
FNDA:2,listenForMessages
FNDA:2,(anonymous_18)
FNDA:1,(anonymous_19)
FNDA:1,(anonymous_20)
FNDA:1,getDownloadUrl
FNDA:1,(anonymous_22)
DA:1,9
DA:2,9
DA:3,9
DA:4,9
DA:5,9
DA:6,9
DA:8,9
DA:9,9
DA:10,9
DA:11,9
DA:14,9
DA:17,15
DA:18,14
DA:19,14
DA:23,4
DA:24,4
DA:25,4
DA:27,453
DA:28,4
DA:29,4
DA:31,4
DA:33,3
DA:34,13
DA:36,3
DA:43,4
DA:44,4
DA:45,4
DA:53,4
DA:54,4
DA:55,4
DA:56,4
DA:62,3
DA:64,11
DA:65,2
DA:67,2
DA:69,2
DA:70,2
DA:75,2
DA:77,2
DA:78,2
DA:79,2
DA:81,2
DA:83,1
DA:84,1
DA:87,1
DA:88,1
DA:89,1
DA:93,2
DA:97,1
DA:105,1
DA:109,1
DA:117,9
LF:52
LH:52
BRF:0
BRH:0
end_of_record
TN:
SF:app/zip.js
FN:6,publishZipRequest
FNF:1
FNH:1
FNDA:2,publishZipRequest
DA:1,2
DA:3,2
DA:4,2
DA:7,2
DA:8,2
DA:11,2
LF:6
LH:6
BRF:0
BRH:0
end_of_record
