TN:
SF:app/form_validator.js
FN:1,isValidCommaDelimitedList
FN:7,isValidTagmode
FN:11,hasValidFlickrAPIParams
FNF:3
FNH:3
FNDA:11,isValidCommaDelimitedList
FNDA:8,isValidTagmode
FNDA:7,hasValidFlickrAPIParams
DA:3,11
DA:4,11
DA:8,8
DA:12,7
DA:15,2
LF:5
LH:5
BRDA:8,0,0,8
BRDA:8,0,1,3
BRDA:12,1,0,7
BRDA:12,1,1,5
BRF:4
BRH:4
end_of_record
TN:
SF:app/jsonp_helper.js
FN:1,parseJSONP
FNF:1
FNH:1
FNDA:5,parseJSONP
DA:2,5
DA:3,5
DA:4,5
DA:5,5
DA:8,5
DA:10,5
DA:12,2
DA:13,2
DA:17,4
LF:9
LH:9
BRF:0
BRH:0
end_of_record
TN:
SF:app/photo_model.js
FN:5,getFlickrPhotos
FN:10,(anonymous_1)
FN:13,(anonymous_2)
FNF:3
FNH:3
FNDA:3,getFlickrPhotos
FNDA:2,(anonymous_1)
FNDA:2,(anonymous_2)
DA:1,3
DA:2,3
DA:3,3
DA:6,3
DA:8,3
DA:10,3
DA:11,2
DA:13,1
DA:14,2
DA:15,2
DA:18,1
DA:22,3
LF:12
LH:12
BRF:0
BRH:0
end_of_record
TN:
SF:app/route.js
FN:7,route
FN:8,(anonymous_1)
FN:41,(anonymous_2)
FN:47,(anonymous_3)
FN:53,(anonymous_4)
FN:58,(anonymous_5)
FN:62,(anonymous_6)
FNF:7
FNH:7
FNDA:1,route
FNDA:5,(anonymous_1)
FNDA:2,(anonymous_2)
FNDA:1,(anonymous_3)
FNDA:2,(anonymous_4)
FNDA:1,(anonymous_5)
FNDA:1,(anonymous_6)
DA:1,1
DA:2,1
DA:3,1
DA:4,1
DA:5,1
DA:8,1
DA:9,5
DA:10,5
DA:12,5
DA:22,5
DA:23,1
DA:27,4
DA:28,1
DA:29,1
DA:33,3
DA:35,3
DA:40,3
DA:42,2
DA:43,2
DA:44,2
DA:45,2
DA:48,1
DA:49,1
DA:53,1
DA:54,2
DA:56,2
DA:59,1
DA:60,1
DA:62,1
DA:67,1
LF:30
LH:30
BRDA:13,0,0,5
BRDA:13,0,1,1
BRDA:14,1,0,5
BRDA:14,1,1,1
BRDA:22,2,0,1
BRDA:22,2,1,4
BRDA:22,3,0,5
BRDA:22,3,1,1
BRDA:27,4,0,1
BRDA:27,4,1,3
BRDA:35,5,0,1
BRDA:35,5,1,2
BRDA:35,6,0,3
BRDA:35,6,1,1
BRF:14
BRH:14
end_of_record
TN:
SF:app/server.js
FNF:0
FNH:0
DA:1,1
DA:2,1
DA:4,1
DA:5,1
DA:6,1
DA:8,1
DA:11,1
DA:12,1
DA:13,1
DA:16,1
DA:17,1
DA:18,1
DA:21,1
DA:24,1
DA:25,1
DA:26,1
DA:28,1
LF:17
LH:17
BRDA:24,0,0,1
BRDA:24,0,1,1
BRF:2
BRH:2
end_of_record
TN:
SF:app/worker.js
FN:25,downloadImage
FN:27,(anonymous_1)
FN:28,(anonymous_2)
FN:31,streamZip
FN:44,(anonymous_4)
FN:47,(anonymous_5)
FN:52,(anonymous_6)
FN:53,(anonymous_7)
FN:63,handleZipRequest
FN:65,(anonymous_9)
FN:66,(anonymous_10)
FN:69,(anonymous_11)
FN:74,(anonymous_12)
FN:87,(anonymous_13)
FN:91,listenForMessages
FN:94,(anonymous_15)
FN:99,(anonymous_16)
FN:103,(anonymous_17)
FN:113,getDownloadUrl
FN:126,(anonymous_19)
FNF:20
FNH:20
FNDA:16,downloadImage
FNDA:15,(anonymous_1)
FNDA:15,(anonymous_2)
FNDA:5,streamZip
FNDA:5,(anonymous_4)
FNDA:3,(anonymous_5)
FNDA:4,(anonymous_6)
FNDA:14,(anonymous_7)
FNDA:3,handleZipRequest
FNDA:2,(anonymous_9)
FNDA:11,(anonymous_10)
FNDA:2,(anonymous_11)
FNDA:2,(anonymous_12)
FNDA:2,(anonymous_13)
FNDA:2,listenForMessages
FNDA:2,(anonymous_15)
FNDA:1,(anonymous_16)
FNDA:1,(anonymous_17)
FNDA:3,getDownloadUrl
FNDA:3,(anonymous_19)
DA:1,8
DA:2,8
DA:3,8
DA:4,8
DA:5,8
DA:6,8
DA:7,8
DA:8,8
DA:10,8
DA:11,8
DA:12,8
DA:13,8
DA:15,8
DA:20,8
DA:23,8
DA:26,16
DA:27,15
DA:28,15
DA:32,5
DA:33,5
DA:34,5
DA:42,5
DA:44,5
DA:45,5
DA:46,5
DA:47,5
DA:49,5
DA:51,5
DA:53,4
DA:54,14
DA:56,4
DA:64,3
DA:66,11
DA:67,2
DA:70,2
DA:73,2
DA:75,2
DA:76,2
DA:77,2
DA:78,2
DA:87,2
DA:92,2
DA:94,2
DA:95,2
DA:96,2
DA:98,2
DA:100,1
DA:101,1
DA:104,1
DA:105,1
DA:106,1
DA:110,2
DA:114,3
DA:122,3
DA:126,3
DA:134,8
LF:56
LH:56
BRF:0
BRH:0
end_of_record
TN:
SF:app/zip.js
FN:6,publishZipRequest
FNF:1
FNH:1
FNDA:2,publishZipRequest
DA:1,2
DA:3,2
DA:4,2
DA:7,2
DA:8,2
DA:11,2
LF:6
LH:6
BRF:0
BRH:0
end_of_record
